#! /usr/local/bin/vvp
:ivl_version "12.0 (stable)";
:ivl_delay_selection "TYPICAL";
:vpi_time_precision + 0;
:vpi_module "/usr/local/lib/ivl/system.vpi";
:vpi_module "/usr/local/lib/ivl/vhdl_sys.vpi";
:vpi_module "/usr/local/lib/ivl/vhdl_textio.vpi";
:vpi_module "/usr/local/lib/ivl/v2005_math.vpi";
:vpi_module "/usr/local/lib/ivl/va_math.vpi";
S_0x148704080 .scope module, "round_robin" "round_robin" 2 3;
 .timescale 0 0;
    .port_info 0 /INPUT 1 "clk";
    .port_info 1 /INPUT 1 "rst_n";
    .port_info 2 /INPUT 16 "requests";
    .port_info 3 /OUTPUT 16 "grants";
P_0x600000560000 .param/l "WADDR" 1 2 9, +C4<00000000000000000000000000000100>;
P_0x600000560040 .param/l "WID" 0 2 3, +C4<00000000000000000000000000010000>;
v0x600001960000_0 .net *"_ivl_0", 31 0, L_0x600001a60000;  1 drivers
L_0x1400400a0 .functor BUFT 1, C4<000000000000000000000000000000>, C4<0>, C4<0>, C4<0>;
v0x600001960090_0 .net *"_ivl_11", 29 0, L_0x1400400a0;  1 drivers
L_0x1400400e8 .functor BUFT 1, C4<00000000000000000000000000000010>, C4<0>, C4<0>, C4<0>;
v0x600001960120_0 .net/2u *"_ivl_12", 31 0, L_0x1400400e8;  1 drivers
v0x6000019601b0_0 .net *"_ivl_14", 0 0, L_0x600001a601e0;  1 drivers
L_0x140040130 .functor BUFT 1, C4<0000000000000001>, C4<0>, C4<0>, C4<0>;
v0x600001960240_0 .net/2s *"_ivl_16", 15 0, L_0x140040130;  1 drivers
v0x6000019602d0_0 .net *"_ivl_18", 15 0, L_0x600001a60280;  1 drivers
L_0x140040178 .functor BUFT 1, C4<0000000000000000>, C4<0>, C4<0>, C4<0>;
v0x600001960360_0 .net/2s *"_ivl_20", 15 0, L_0x140040178;  1 drivers
L_0x140040010 .functor BUFT 1, C4<0000000000000000>, C4<0>, C4<0>, C4<0>;
v0x6000019603f0_0 .net *"_ivl_3", 15 0, L_0x140040010;  1 drivers
L_0x140040058 .functor BUFT 1, C4<00000000000000000000000000000000>, C4<0>, C4<0>, C4<0>;
v0x600001960480_0 .net/2u *"_ivl_4", 31 0, L_0x140040058;  1 drivers
v0x600001960510_0 .net *"_ivl_8", 31 0, L_0x600001a60140;  1 drivers
o0x1400081f0 .functor BUFZ 1, C4<z>; HiZ drive
v0x6000019605a0_0 .net "clk", 0 0, o0x1400081f0;  0 drivers
v0x600001960630_0 .net "grants", 15 0, L_0x600001a60320;  1 drivers
v0x6000019606c0_0 .net "have_requests", 0 0, L_0x600001a600a0;  1 drivers
v0x600001960750_0 .var "ptr", 3 0;
o0x1400082b0 .functor BUFZ 16, C4<zzzzzzzzzzzzzzzz>; HiZ drive
v0x6000019607e0_0 .net "requests", 15 0, o0x1400082b0;  0 drivers
o0x1400082e0 .functor BUFZ 1, C4<z>; HiZ drive
v0x600001960870_0 .net "rst_n", 0 0, o0x1400082e0;  0 drivers
v0x600001960900_0 .var "state", 1 0;
E_0x600003e60080/0 .event negedge, v0x600001960870_0;
E_0x600003e60080/1 .event posedge, v0x6000019605a0_0;
E_0x600003e60080 .event/or E_0x600003e60080/0, E_0x600003e60080/1;
L_0x600001a60000 .concat [ 16 16 0 0], o0x1400082b0, L_0x140040010;
L_0x600001a600a0 .cmp/ne 32, L_0x600001a60000, L_0x140040058;
L_0x600001a60140 .concat [ 2 30 0 0], v0x600001960900_0, L_0x1400400a0;
L_0x600001a601e0 .cmp/eq 32, L_0x600001a60140, L_0x1400400e8;
L_0x600001a60280 .shift/l 16, L_0x140040130, v0x600001960750_0;
L_0x600001a60320 .functor MUXZ 16, L_0x140040178, L_0x600001a60280, L_0x600001a601e0, C4<>;
    .scope S_0x148704080;
T_0 ;
    %wait E_0x600003e60080;
    %load/vec4 v0x600001960870_0;
    %nor/r;
    %flag_set/vec4 8;
    %jmp/0xz  T_0.0, 8;
    %pushi/vec4 0, 0, 4;
    %assign/vec4 v0x600001960750_0, 0;
    %pushi/vec4 0, 0, 2;
    %assign/vec4 v0x600001960900_0, 0;
    %jmp T_0.1;
T_0.0 ;
    %load/vec4 v0x600001960900_0;
    %pad/u 32;
    %cmpi/e 0, 0, 32;
    %jmp/0xz  T_0.2, 4;
    %load/vec4 v0x6000019606c0_0;
    %flag_set/vec4 8;
    %jmp/0xz  T_0.4, 8;
    %pushi/vec4 1, 0, 2;
    %assign/vec4 v0x600001960900_0, 0;
T_0.4 ;
    %jmp T_0.3;
T_0.2 ;
    %load/vec4 v0x600001960900_0;
    %pad/u 32;
    %cmpi/e 1, 0, 32;
    %jmp/0xz  T_0.6, 4;
    %load/vec4 v0x6000019607e0_0;
    %load/vec4 v0x600001960750_0;
    %part/u 1;
    %flag_set/vec4 8;
    %jmp/0xz  T_0.8, 8;
    %pushi/vec4 2, 0, 2;
    %assign/vec4 v0x600001960900_0, 0;
    %jmp T_0.9;
T_0.8 ;
    %load/vec4 v0x600001960750_0;
    %pad/u 32;
    %cmpi/e 15, 0, 32;
    %flag_mov 8, 4;
    %jmp/0 T_0.10, 8;
    %pushi/vec4 0, 0, 4;
    %jmp/1 T_0.11, 8;
T_0.10 ; End of true expr.
    %load/vec4 v0x600001960750_0;
    %addi 1, 0, 4;
    %jmp/0 T_0.11, 8;
 ; End of false expr.
    %blend;
T_0.11;
    %assign/vec4 v0x600001960750_0, 0;
T_0.9 ;
    %jmp T_0.7;
T_0.6 ;
    %load/vec4 v0x600001960900_0;
    %pad/u 32;
    %cmpi/e 2, 0, 32;
    %jmp/0xz  T_0.12, 4;
    %pushi/vec4 0, 0, 2;
    %assign/vec4 v0x600001960900_0, 0;
    %load/vec4 v0x600001960750_0;
    %pad/u 32;
    %cmpi/e 15, 0, 32;
    %flag_mov 8, 4;
    %jmp/0 T_0.14, 8;
    %pushi/vec4 0, 0, 4;
    %jmp/1 T_0.15, 8;
T_0.14 ; End of true expr.
    %load/vec4 v0x600001960750_0;
    %addi 1, 0, 4;
    %jmp/0 T_0.15, 8;
 ; End of false expr.
    %blend;
T_0.15;
    %assign/vec4 v0x600001960750_0, 0;
T_0.12 ;
T_0.7 ;
T_0.3 ;
T_0.1 ;
    %jmp T_0;
    .thread T_0;
# The file index is used to find the file name in the following table.
:file_names 3;
    "N/A";
    "<interactive>";
    "rtl/round_robin.v";
